[2025-12-01 11:07:22] ERROR: ❌ Redis connection error: connect ECONNREFUSED 127.0.0.1:6379
[2025-12-01 11:07:23] ERROR: ❌ Redis connection error: connect ECONNREFUSED 127.0.0.1:6379
[2025-12-01 11:07:23] ERROR: ❌ Redis connection error: connect ECONNREFUSED 127.0.0.1:6379
[2025-12-01 11:07:26] ERROR: ❌ Redis connection error: connect ECONNREFUSED 127.0.0.1:6379
[2025-12-01 11:07:44] ERROR: ❌ Redis connection error: connect ECONNREFUSED 127.0.0.1:6379
[2025-12-01 11:08:08] ERROR: ❌ Redis connection error: connect ECONNREFUSED 127.0.0.1:6379
[2025-12-01 11:08:36] ERROR: ❌ Redis connection error: connect ECONNREFUSED 127.0.0.1:6379
[2025-12-01 11:09:02] ERROR: ❌ Redis connection error: connect ECONNREFUSED 127.0.0.1:6379
[2025-12-01 11:09:06] ERROR: ❌ Redis connection error: connect ECONNREFUSED 127.0.0.1:6379
[2025-12-01 11:09:33] ERROR: ❌ Redis connection error: connect ECONNREFUSED 127.0.0.1:6379
[2025-12-01 11:09:35] ERROR: ❌ Redis connection error: connect ECONNREFUSED 127.0.0.1:6379
[2025-12-01 11:10:15] INFO: API Routes Initialized
[2025-12-01 11:10:15] INFO: Running on 4000
[2025-12-01 11:10:15] ERROR: ❌ Redis connection error: connect ECONNREFUSED 127.0.0.1:6379
[2025-12-01 11:10:15] ERROR: ❌ Redis connection error: connect ECONNREFUSED 127.0.0.1:6379
[2025-12-01 11:10:15] INFO: Shutting down gracefully...
[2025-12-01 11:10:15] INFO: API Routes Initialized
[2025-12-01 11:10:15] INFO: Running on 4000
[2025-12-01 11:10:15] ERROR: ❌ Redis connection error: connect ECONNREFUSED 127.0.0.1:6379
[2025-12-01 11:10:15] ERROR: ❌ Redis connection error: connect ECONNREFUSED 127.0.0.1:6379
[2025-12-01 11:10:15] INFO: Shutting down gracefully...
[2025-12-01 11:10:15] INFO: API Routes Initialized
[2025-12-01 11:10:16] INFO: Running on 4000
[2025-12-01 11:10:16] ERROR: ❌ Redis connection error: connect ECONNREFUSED 127.0.0.1:6379
[2025-12-01 11:10:16] ERROR: ❌ Redis connection error: connect ECONNREFUSED 127.0.0.1:6379
[2025-12-01 11:10:16] ERROR: ❌ Redis connection error: connect ECONNREFUSED 127.0.0.1:6379
[2025-12-01 11:10:16] ERROR: ❌ Redis connection error: connect ECONNREFUSED 127.0.0.1:6379
[2025-12-01 11:10:16] ERROR: ❌ Redis connection error: connect ECONNREFUSED 127.0.0.1:6379
[2025-12-01 11:10:16] ERROR: ❌ Redis connection error: connect ECONNREFUSED 127.0.0.1:6379
[2025-12-01 11:10:17] ERROR: ❌ Redis connection error: connect ECONNREFUSED 127.0.0.1:6379
[2025-12-01 11:10:17] ERROR: ❌ Redis connection error: connect ECONNREFUSED 127.0.0.1:6379
[2025-12-01 11:10:17] ERROR: ❌ Redis connection error: connect ECONNREFUSED 127.0.0.1:6379
[2025-12-01 11:10:18] ERROR: ❌ Redis connection error: connect ECONNREFUSED 127.0.0.1:6379
[2025-12-01 11:10:18] ERROR: ❌ Redis connection error: connect ECONNREFUSED 127.0.0.1:6379
[2025-12-01 11:10:19] ERROR: ❌ Redis connection error: connect ECONNREFUSED 127.0.0.1:6379
[2025-12-01 11:10:19] ERROR: ❌ Redis connection error: connect ECONNREFUSED 127.0.0.1:6379
[2025-12-01 11:10:20] ERROR: ❌ Redis connection error: connect ECONNREFUSED 127.0.0.1:6379
[2025-12-01 11:10:21] ERROR: ❌ Redis connection error: connect ECONNREFUSED 127.0.0.1:6379
[2025-12-01 11:10:22] ERROR: ❌ Redis connection error: connect ECONNREFUSED 127.0.0.1:6379
[2025-12-01 11:10:22] ERROR: ❌ Redis connection error: connect ECONNREFUSED 127.0.0.1:6379
[2025-12-01 11:10:23] ERROR: ❌ Redis connection error: connect ECONNREFUSED 127.0.0.1:6379
[2025-12-01 11:10:24] ERROR: ❌ Redis connection error: connect ECONNREFUSED 127.0.0.1:6379
[2025-12-01 11:10:25] ERROR: ❌ Redis connection error: connect ECONNREFUSED 127.0.0.1:6379
[2025-12-01 11:10:26] ERROR: ❌ Redis connection error: connect ECONNREFUSED 127.0.0.1:6379
[2025-12-01 11:10:27] ERROR: ❌ Redis connection error: connect ECONNREFUSED 127.0.0.1:6379
[2025-12-01 11:10:28] ERROR: ❌ Redis connection error: connect ECONNREFUSED 127.0.0.1:6379
[2025-12-01 11:10:29] ERROR: ❌ Redis connection error: connect ECONNREFUSED 127.0.0.1:6379
[2025-12-01 15:11:07] INFO: ✅ Redis connected
[2025-12-01 15:11:07] INFO: ✅ Redis connected
[2025-12-01 15:11:15] INFO: ✅ Redis connected
[2025-12-01 15:11:57] INFO: ✅ Redis connected
[2025-12-01 15:11:57] INFO: ✅ Redis connected
[2025-12-01 15:12:03] INFO: ✅ Redis connected
[2025-12-01 15:12:03] INFO: ✅ Redis connected
[2025-12-01 15:14:24] INFO: API Routes Initialized
[2025-12-01 15:14:24] INFO: Running on 4000
[2025-12-01 15:14:24] INFO: API Routes Initialized
[2025-12-01 15:14:24] INFO: ✅ Redis connected
[2025-12-01 15:14:24] INFO: ✅ Redis connected
[2025-12-01 15:15:14] INFO: Shutting down gracefully...
[2025-12-01 15:15:15] INFO: API Routes Initialized
[2025-12-01 15:15:15] INFO: Running on 4000
[2025-12-01 15:15:15] INFO: API Routes Initialized
[2025-12-01 15:15:15] INFO: ✅ Redis connected
[2025-12-01 15:15:15] INFO: ✅ Redis connected
[2025-12-01 15:15:17] INFO: Shutting down gracefully...
[2025-12-01 15:15:17] INFO: API Routes Initialized
[2025-12-01 15:15:17] INFO: Running on 4000
[2025-12-01 15:15:17] INFO: API Routes Initialized
[2025-12-01 15:15:17] INFO: ✅ Redis connected
[2025-12-01 15:15:17] INFO: ✅ Redis connected
[2025-12-01 15:15:18] INFO: Shutting down gracefully...
[2025-12-01 15:15:18] INFO: API Routes Initialized
[2025-12-01 15:15:18] INFO: Running on 4000
[2025-12-01 15:15:18] INFO: API Routes Initialized
[2025-12-01 15:15:18] INFO: ✅ Redis connected
[2025-12-01 15:15:18] INFO: ✅ Redis connected
[2025-12-01 15:15:19] INFO: API Routes Initialized
[2025-12-01 15:15:19] INFO: Running on 4000
[2025-12-01 15:15:19] INFO: API Routes Initialized
[2025-12-01 15:15:19] INFO: ✅ Redis connected
[2025-12-01 15:15:19] INFO: ✅ Redis connected
[2025-12-01 15:15:27] INFO: Shutting down gracefully...
[2025-12-01 15:15:27] INFO: API Routes Initialized
[2025-12-01 15:15:27] INFO: Running on 4000
[2025-12-01 15:15:27] INFO: API Routes Initialized
[2025-12-01 15:15:27] INFO: ✅ Redis connected
[2025-12-01 15:15:27] INFO: ✅ Redis connected
[2025-12-01 15:17:31] INFO: Shutting down gracefully...
[2025-12-01 15:17:31] INFO: API Routes Initialized
[2025-12-01 15:17:31] INFO: Running on 4000
[2025-12-01 15:17:31] INFO: API Routes Initialized
[2025-12-01 15:17:31] INFO: ✅ Redis connected
[2025-12-01 15:17:31] INFO: ✅ Redis connected
[2025-12-01 15:17:32] INFO: Shutting down gracefully...
[2025-12-01 15:17:32] INFO: API Routes Initialized
[2025-12-01 15:17:32] INFO: Running on 4000
[2025-12-01 15:17:32] INFO: API Routes Initialized
[2025-12-01 15:17:32] INFO: ✅ Redis connected
[2025-12-01 15:17:32] INFO: ✅ Redis connected
[2025-12-01 15:17:43] INFO: Shutting down gracefully...
[2025-12-01 15:17:43] INFO: API Routes Initialized
[2025-12-01 15:17:43] INFO: Running on 4000
[2025-12-01 15:17:43] INFO: ✅ Redis connected
[2025-12-01 15:17:43] INFO: API Routes Initialized
[2025-12-01 15:17:43] INFO: ✅ Redis connected
[2025-12-01 15:18:12] INFO: Shutting down gracefully...
[2025-12-01 15:18:12] INFO: API Routes Initialized
[2025-12-01 15:18:12] INFO: Running on 4000
[2025-12-01 15:18:12] INFO: API Routes Initialized
[2025-12-01 15:18:12] INFO: ✅ Redis connected
[2025-12-01 15:18:12] INFO: ✅ Redis connected
[2025-12-01 15:18:12] INFO: Shutting down gracefully...
[2025-12-01 15:18:12] INFO: API Routes Initialized
[2025-12-01 15:18:12] INFO: Running on 4000
[2025-12-01 15:18:12] INFO: API Routes Initialized
[2025-12-01 15:18:12] INFO: ✅ Redis connected
[2025-12-01 15:18:12] INFO: ✅ Redis connected
[2025-12-01 15:18:18] INFO: Shutting down gracefully...
[2025-12-01 15:18:18] INFO: API Routes Initialized
[2025-12-01 15:18:18] INFO: Running on 4000
[2025-12-01 15:18:18] INFO: API Routes Initialized
[2025-12-01 15:18:18] INFO: ✅ Redis connected
[2025-12-01 15:18:18] INFO: ✅ Redis connected
[2025-12-01 15:18:47] INFO: Shutting down gracefully...
[2025-12-01 15:18:47] INFO: API Routes Initialized
[2025-12-01 15:18:47] INFO: Running on 4000
[2025-12-01 15:18:47] INFO: API Routes Initialized
[2025-12-01 15:18:47] INFO: ✅ Redis connected
[2025-12-01 15:18:47] INFO: ✅ Redis connected
[2025-12-01 15:19:08] INFO: Shutting down gracefully...
[2025-12-01 15:19:08] INFO: API Routes Initialized
[2025-12-01 15:19:08] INFO: Running on 4000
[2025-12-01 15:19:08] INFO: API Routes Initialized
[2025-12-01 15:19:08] INFO: ✅ Redis connected
[2025-12-01 15:19:08] INFO: ✅ Redis connected
[2025-12-01 15:19:16] INFO: Shutting down gracefully...
[2025-12-01 15:19:17] INFO: API Routes Initialized
[2025-12-01 15:19:17] INFO: Running on 4000
[2025-12-01 15:19:17] INFO: ✅ Redis connected
[2025-12-01 15:19:17] INFO: API Routes Initialized
[2025-12-01 15:19:17] INFO: ✅ Redis connected
[2025-12-01 15:19:44] INFO: Shutting down gracefully...
[2025-12-01 15:19:44] INFO: API Routes Initialized
[2025-12-01 15:19:44] INFO: Running on 4000
[2025-12-01 15:19:44] INFO: API Routes Initialized
[2025-12-01 15:19:44] INFO: ✅ Redis connected
[2025-12-01 15:19:44] INFO: ✅ Redis connected
[2025-12-01 15:20:27] INFO: Shutting down gracefully...
[2025-12-01 15:20:27] INFO: API Routes Initialized
[2025-12-01 15:20:27] INFO: Running on 4000
[2025-12-01 15:20:27] INFO: API Routes Initialized
[2025-12-01 15:20:27] INFO: ✅ Redis connected
[2025-12-01 15:20:27] INFO: ✅ Redis connected
[2025-12-01 15:20:28] INFO: Shutting down gracefully...
[2025-12-01 15:20:28] INFO: API Routes Initialized
[2025-12-01 15:20:28] INFO: Running on 4000
[2025-12-01 15:20:28] INFO: API Routes Initialized
[2025-12-01 15:20:28] INFO: ✅ Redis connected
[2025-12-01 15:20:28] INFO: ✅ Redis connected
[2025-12-01 15:20:36] INFO: Shutting down gracefully...
[2025-12-01 15:20:36] INFO: API Routes Initialized
[2025-12-01 15:20:36] INFO: Running on 4000
[2025-12-01 15:20:36] INFO: API Routes Initialized
[2025-12-01 15:20:36] INFO: ✅ Redis connected
[2025-12-01 15:20:36] INFO: ✅ Redis connected
[2025-12-01 15:20:36] INFO: Shutting down gracefully...
[2025-12-01 15:20:36] INFO: API Routes Initialized
[2025-12-01 15:20:36] INFO: Running on 4000
[2025-12-01 15:20:36] INFO: API Routes Initialized
[2025-12-01 15:20:36] INFO: ✅ Redis connected
[2025-12-01 15:20:36] INFO: ✅ Redis connected
[2025-12-01 15:21:02] INFO: Shutting down gracefully...
[2025-12-01 15:21:02] INFO: API Routes Initialized
[2025-12-01 15:21:02] INFO: Running on 4000
[2025-12-01 15:21:02] INFO: API Routes Initialized
[2025-12-01 15:21:02] INFO: ✅ Redis connected
[2025-12-01 15:21:02] INFO: ✅ Redis connected
[2025-12-01 15:21:08] INFO: Shutting down gracefully...
[2025-12-01 15:21:08] INFO: API Routes Initialized
[2025-12-01 15:21:08] INFO: Running on 4000
[2025-12-01 15:21:08] INFO: API Routes Initialized
[2025-12-01 15:21:08] INFO: ✅ Redis connected
[2025-12-01 15:21:08] INFO: ✅ Redis connected
[2025-12-01 15:21:27] INFO: Shutting down gracefully...
[2025-12-01 15:21:27] INFO: API Routes Initialized
[2025-12-01 15:21:27] INFO: Running on 4000
[2025-12-01 15:21:27] INFO: ✅ Redis connected
[2025-12-01 15:21:27] INFO: API Routes Initialized
[2025-12-01 15:21:27] INFO: Shutting down gracefully...
[2025-12-01 15:21:27] INFO: API Routes Initialized
[2025-12-01 15:21:27] INFO: Running on 4000
[2025-12-01 15:21:27] INFO: API Routes Initialized
[2025-12-01 15:21:27] INFO: ✅ Redis connected
[2025-12-01 15:21:27] INFO: ✅ Redis connected
[2025-12-01 15:21:42] INFO: API Routes Initialized
[2025-12-01 15:21:42] INFO: Running on 4000
[2025-12-01 15:21:42] INFO: ✅ Redis connected
[2025-12-01 15:23:09] INFO: Shutting down gracefully...
[2025-12-01 15:23:10] INFO: API Routes Initialized
[2025-12-01 15:23:10] INFO: Running on 4000
[2025-12-01 15:23:10] INFO: API Routes Initialized
[2025-12-01 15:23:10] INFO: ✅ Redis connected
[2025-12-01 15:23:10] INFO: ✅ Redis connected
[2025-12-01 15:23:16] INFO: Shutting down gracefully...
[2025-12-01 15:23:16] INFO: API Routes Initialized
[2025-12-01 15:23:16] INFO: Running on 4000
[2025-12-01 15:23:16] INFO: API Routes Initialized
[2025-12-01 15:23:16] INFO: ✅ Redis connected
[2025-12-01 15:23:16] INFO: ✅ Redis connected
[2025-12-01 15:23:18] INFO: Shutting down gracefully...
[2025-12-01 15:23:18] INFO: API Routes Initialized
[2025-12-01 15:23:18] INFO: Running on 4000
[2025-12-01 15:23:18] INFO: API Routes Initialized
[2025-12-01 15:23:18] INFO: ✅ Redis connected
[2025-12-01 15:23:18] INFO: ✅ Redis connected
[2025-12-01 15:23:24] INFO: Shutting down gracefully...
[2025-12-01 15:23:24] INFO: API Routes Initialized
[2025-12-01 15:23:24] INFO: Running on 4000
[2025-12-01 15:23:24] INFO: API Routes Initialized
[2025-12-01 15:23:24] INFO: ✅ Redis connected
[2025-12-01 15:23:24] INFO: ✅ Redis connected
[2025-12-01 15:24:24] INFO: Shutting down gracefully...
[2025-12-01 15:24:25] INFO: API Routes Initialized
[2025-12-01 15:24:25] INFO: API Routes Initialized
[2025-12-01 15:24:25] INFO: Running on 4000
[2025-12-01 15:24:25] INFO: ✅ Redis connected
[2025-12-01 15:24:25] INFO: ✅ Redis connected
[2025-12-01 15:24:25] ERROR: Unable to connect to PostgreSQL: role "postgres" does not exist
[2025-12-01 15:24:25] INFO: API Routes Initialized
[2025-12-01 15:24:25] INFO: API Routes Initialized
[2025-12-01 15:24:25] INFO: Running on 4000
[2025-12-01 15:24:25] INFO: ✅ Redis connected
[2025-12-01 15:24:25] INFO: ✅ Redis connected
[2025-12-01 15:24:25] ERROR: Unable to connect to PostgreSQL: role "postgres" does not exist
[2025-12-01 15:24:32] INFO: API Routes Initialized
[2025-12-01 15:24:32] INFO: Running on 4000
[2025-12-01 15:24:32] INFO: ✅ Redis connected
[2025-12-01 15:24:32] ERROR: Unable to connect to PostgreSQL: role "postgres" does not exist
[2025-12-01 15:24:52] INFO: API Routes Initialized
[2025-12-01 15:24:52] INFO: Running on 4000
[2025-12-01 15:24:52] INFO: ✅ Redis connected
[2025-12-01 15:24:52] ERROR: Unable to connect to PostgreSQL: role "default" does not exist
[2025-12-01 15:25:09] INFO: API Routes Initialized
[2025-12-01 15:25:09] INFO: Running on 4000
[2025-12-01 15:25:09] INFO: ✅ Redis connected
[2025-12-01 15:25:09] ERROR: Unable to connect to PostgreSQL: role "root" does not exist
[2025-12-01 15:25:20] INFO: API Routes Initialized
[2025-12-01 15:25:20] INFO: Running on 4000
[2025-12-01 15:25:20] INFO: ✅ Redis connected
[2025-12-01 15:25:20] ERROR: Unable to connect to PostgreSQL: role "default" does not exist
[2025-12-01 15:27:27] INFO: API Routes Initialized
[2025-12-01 15:27:27] INFO: Running on 4000
[2025-12-01 15:27:27] INFO: ✅ Redis connected
[2025-12-01 15:27:27] ERROR: PostgreSQL connected successfully
[2025-12-01 15:27:27] ERROR: Tables synced
[2025-12-01 15:39:46] INFO: Shutting down gracefully...
[2025-12-01 15:39:46] INFO: ✅ Redis connected
[2025-12-01 15:39:54] INFO: ✅ Redis connected
[2025-12-01 15:40:27] INFO: ✅ Redis connected
[2025-12-01 15:44:00] INFO: ✅ Redis connected
[2025-12-01 15:44:00] INFO: ✅ Redis connected
[2025-12-01 15:44:01] INFO: ✅ Redis connected
[2025-12-01 15:44:35] INFO: ✅ Redis connected
[2025-12-01 15:45:02] INFO: ✅ Redis connected
[2025-12-01 15:45:02] INFO: ✅ Redis connected
[2025-12-01 15:45:15] INFO: ✅ Redis connected
[2025-12-01 15:45:16] INFO: ✅ Redis connected
[2025-12-01 15:45:16] INFO: ✅ Redis connected
[2025-12-01 15:45:17] INFO: ✅ Redis connected
[2025-12-01 15:45:17] INFO: ✅ Redis connected
[2025-12-01 15:45:17] INFO: ✅ Redis connected
[2025-12-01 15:45:20] INFO: ✅ Redis connected
[2025-12-01 15:45:54] INFO: ✅ Redis connected
[2025-12-01 15:45:56] INFO: ✅ Redis connected
[2025-12-01 15:50:42] INFO: ✅ Redis connected
[2025-12-01 15:55:15] INFO: API Routes Initialized
[2025-12-01 15:55:15] INFO: Running on 4000
[2025-12-01 15:55:15] INFO: ✅ Redis connected
[2025-12-01 15:55:15] ERROR: PostgreSQL connected successfully
[2025-12-01 15:55:15] ERROR: Unable to connect to PostgreSQL: foreign key constraint "Posts_user_id_fkey1" cannot be implemented
[2025-12-01 16:10:45] INFO: API Routes Initialized
[2025-12-01 16:10:45] INFO: Running on 4000
[2025-12-01 16:10:45] INFO: ✅ Redis connected
[2025-12-01 16:10:46] ERROR: PostgreSQL connected successfully
[2025-12-01 16:10:46] ERROR: Unable to connect to PostgreSQL: foreign key constraint "Posts_user_id_fkey1" cannot be implemented
[2025-12-01 16:13:17] INFO: API Routes Initialized
[2025-12-01 16:13:17] INFO: Running on 4000
[2025-12-01 16:13:17] INFO: ✅ Redis connected
[2025-12-01 16:13:17] ERROR: PostgreSQL connected successfully
[2025-12-01 16:13:17] ERROR: Unable to connect to PostgreSQL: foreign key constraint "Posts_user_id_fkey1" cannot be implemented
[2025-12-01 16:13:37] INFO: API Routes Initialized
[2025-12-01 16:13:37] INFO: Running on 4000
[2025-12-01 16:13:37] INFO: ✅ Redis connected
[2025-12-01 16:13:37] ERROR: PostgreSQL connected successfully
[2025-12-01 16:13:37] ERROR: Unable to connect to PostgreSQL: foreign key constraint "Posts_user_id_fkey1" cannot be implemented
[2025-12-01 16:14:01] INFO: API Routes Initialized
[2025-12-01 16:14:01] INFO: Running on 4000
[2025-12-01 16:14:01] INFO: ✅ Redis connected
[2025-12-01 16:14:01] ERROR: PostgreSQL connected successfully
[2025-12-01 16:14:01] ERROR: Unable to connect to PostgreSQL: foreign key constraint "Posts_user_id_fkey1" cannot be implemented
[2025-12-01 16:14:37] INFO: API Routes Initialized
[2025-12-01 16:14:37] INFO: Shutting down gracefully...
[2025-12-01 16:14:37] INFO: API Routes Initialized
[2025-12-01 16:14:37] INFO: Running on 4000
[2025-12-01 16:14:37] INFO: ✅ Redis connected
[2025-12-01 16:14:39] INFO: Shutting down gracefully...
[2025-12-01 16:14:39] INFO: API Routes Initialized
[2025-12-01 16:14:39] INFO: Running on 4000
[2025-12-01 16:14:39] INFO: ✅ Redis connected
[2025-12-01 16:14:45] INFO: GET / | Status: 200 | 3ms
[2025-12-01 16:14:45] INFO: GET /favicon.ico | Status: 404 | 6ms
[2025-12-01 16:14:52] INFO: Shutting down gracefully...
[2025-12-01 16:15:00] INFO: API Routes Initialized
[2025-12-01 16:15:00] INFO: Running on 4000
[2025-12-01 16:15:00] INFO: ✅ Redis connected
[2025-12-01 16:15:00] ERROR: PostgreSQL connected successfully
[2025-12-01 16:15:00] ERROR: Unable to connect to PostgreSQL: foreign key constraint "Posts_user_id_fkey1" cannot be implemented
[2025-12-01 16:15:50] INFO: API Routes Initialized
[2025-12-01 16:15:50] INFO: Running on 4000
[2025-12-01 16:15:50] INFO: ✅ Redis connected
[2025-12-01 16:15:50] ERROR: PostgreSQL connected successfully
[2025-12-01 16:15:50] ERROR: Tables synced
[2025-12-01 16:15:56] INFO: POST /api/v1.0/auth/register | Status: 201 | 231ms
[2025-12-01 16:20:36] INFO: Shutting down gracefully...
[2025-12-01 16:20:36] INFO: API Routes Initialized
[2025-12-01 16:20:36] INFO: Running on 4000
[2025-12-01 16:20:36] INFO: ✅ Redis connected
[2025-12-01 16:20:36] INFO: Shutting down gracefully...
[2025-12-01 16:20:37] INFO: API Routes Initialized
[2025-12-01 16:20:37] INFO: Running on 4000
[2025-12-01 16:20:37] INFO: ✅ Redis connected
[2025-12-01 16:20:37] ERROR: PostgreSQL connected successfully
[2025-12-01 16:20:37] ERROR: Tables synced
[2025-12-01 16:20:37] INFO: Shutting down gracefully...
[2025-12-01 16:20:37] INFO: API Routes Initialized
[2025-12-01 16:20:37] INFO: Running on 4000
[2025-12-01 16:20:37] INFO: ✅ Redis connected
[2025-12-01 16:20:37] ERROR: PostgreSQL connected successfully
[2025-12-01 16:20:37] ERROR: Tables synced
